<?xml version="1.0" encoding="UTF-8"?>
<testng-results ignored="0" total="1" passed="1" failed="0" skipped="0">
  <reporter-output>
  </reporter-output>
  <suite started-at="2022-11-09T15:51:38 IST" name="Suite" finished-at="2022-11-09T15:51:53 IST" duration-ms="14734">
    <groups>
    </groups>
    <test started-at="2022-11-09T15:51:38 IST" name="chrome" finished-at="2022-11-09T15:51:53 IST" duration-ms="14734">
      <class name="Tescases.Createpolicy">
        <test-method is-config="true" signature="configBS()[pri:0, instance:Tescases.Createpolicy@12359a82]" started-at="2022-11-09T15:51:38 IST" name="configBS" finished-at="2022-11-09T15:51:38 IST" duration-ms="34" status="PASS">
          <reporter-output>
          </reporter-output>
        </test-method> <!-- configBS -->
        <test-method is-config="true" signature="configBC()[pri:0, instance:Tescases.Createpolicy@12359a82]" started-at="2022-11-09T15:51:38 IST" name="configBC" finished-at="2022-11-09T15:51:41 IST" duration-ms="2837" status="PASS">
          <reporter-output>
          </reporter-output>
        </test-method> <!-- configBC -->
        <test-method is-config="true" signature="configBM()[pri:0, instance:Tescases.Createpolicy@12359a82]" started-at="2022-11-09T15:51:41 IST" name="configBM" finished-at="2022-11-09T15:51:52 IST" duration-ms="10712" status="PASS">
          <reporter-output>
          </reporter-output>
        </test-method> <!-- configBM -->
        <test-method signature="TC01()[pri:0, instance:Tescases.Createpolicy@12359a82]" started-at="2022-11-09T15:51:52 IST" name="TC01" finished-at="2022-11-09T15:51:52 IST" duration-ms="174" status="PASS">
          <reporter-output>
          </reporter-output>
        </test-method> <!-- TC01 -->
        <test-method is-config="true" signature="configAM()[pri:0, instance:Tescases.Createpolicy@12359a82]" started-at="2022-11-09T15:51:52 IST" name="configAM" finished-at="2022-11-09T15:51:52 IST" duration-ms="3" status="PASS">
          <reporter-output>
          </reporter-output>
        </test-method> <!-- configAM -->
        <test-method is-config="true" signature="configAC()[pri:0, instance:Tescases.Createpolicy@12359a82]" started-at="2022-11-09T15:51:52 IST" name="configAC" finished-at="2022-11-09T15:51:53 IST" duration-ms="796" status="PASS">
          <reporter-output>
          </reporter-output>
        </test-method> <!-- configAC -->
        <test-method is-config="true" signature="configAS()[pri:0, instance:Tescases.Createpolicy@12359a82]" started-at="2022-11-09T15:51:53 IST" name="configAS" finished-at="2022-11-09T15:51:53 IST" duration-ms="0" status="PASS">
          <reporter-output>
          </reporter-output>
        </test-method> <!-- configAS -->
      </class> <!-- Tescases.Createpolicy -->
    </test> <!-- chrome -->
  </suite> <!-- Suite -->
</testng-results>
